2019-07-01T02:07:49Z [15759] INFO hangup received, about to reopen logfile
2019-07-01T02:07:49Z [15759] INFO hangup received, reopened logfile
2019-07-01T02:07:49Z [15759] INFO hangup received, about to reopen logfile
2019-07-01T02:07:49Z [15759] INFO hangup received, reopened logfile
2019-07-01T23:39:12Z [4664] INFO ArangoDB 3.4.6-1 [linux] 64bit, using jemalloc, build tags/v3.4.6.1-0-gd3c504bfc9, VPack 0.1.33, RocksDB 5.16.0, ICU 58.1, V8 5.7.492.77, OpenSSL 1.1.0j  20 Nov 2018
2019-07-01T23:39:12Z [4664] INFO detected operating system: Linux version 4.15.0-54-generic (buildd@lgw01-amd64-014) (gcc version 7.4.0 (Ubuntu 7.4.0-1ubuntu1~18.04.1)) #58-Ubuntu SMP Mon Jun 24 10:55:24 UTC 2019
2019-07-01T23:39:12Z [4664] WARNING {memory} maximum number of memory mappings per process is 65530, which seems too low. it is recommended to set it to at least 512000
2019-07-01T23:39:12Z [4664] WARNING {memory} execute 'sudo sysctl -w "vm.max_map_count=512000"'
2019-07-01T23:39:12Z [4664] INFO {authentication} Jwt secret not specified, generating...
2019-07-01T23:39:12Z [4664] INFO using storage engine rocksdb
2019-07-01T23:39:12Z [4664] INFO {cluster} Starting up with role PRIMARY
2019-07-01T23:39:15Z [4664] INFO {syscall} file-descriptors (nofiles) hard limit is 65535, soft limit is 65535
2019-07-01T23:39:15Z [4664] INFO {authentication} Authentication is turned off, authentication for unix sockets is turned on
2019-07-01T23:39:15Z [4664] WARNING found existing lockfile '/home/isabelamatsumoto/Downloads/Trabalhos/PMD/pmd/cluster/localdata/local-slave-1/dbserver8550/data/LOCK' of previous process with pid 15759, but that process seems to be dead already
2019-07-01T23:39:17Z [4664] INFO {cluster} Cluster feature is turned on. Agency version: {"server":"arango","version":"3.4.6-1","license":"community"}, Agency endpoints: http+tcp://127.0.0.1:8551, http+tcp://127.0.0.1:8531, http+tcp://127.0.0.1:8541, server id: 'PRMR-b7cbc7c4-4da5-4d98-99e2-1e4b843a6cb7', internal endpoint / address: tcp://localhost:8550', advertised endpoint: , role: PRIMARY
2019-07-01T23:39:17Z [4664] INFO {cluster} using heartbeat interval value '1000 ms' from agency
2019-07-01T23:39:17Z [4664] INFO using endpoint 'http+tcp://[::]:8550' for non-encrypted requests
2019-07-01T23:39:17Z [4664] INFO ArangoDB (version 3.4.6-1 [linux]) is ready for business. Have fun!
2019-07-01T23:39:17Z [4664] INFO control-c received, beginning shut down sequence
2019-07-01T23:39:17Z [4664] FATAL control-c received (again!), terminating
2019-07-01T23:39:36Z [5668] INFO ArangoDB 3.4.6-1 [linux] 64bit, using jemalloc, build tags/v3.4.6.1-0-gd3c504bfc9, VPack 0.1.33, RocksDB 5.16.0, ICU 58.1, V8 5.7.492.77, OpenSSL 1.1.0j  20 Nov 2018
2019-07-01T23:39:36Z [5668] INFO detected operating system: Linux version 4.15.0-54-generic (buildd@lgw01-amd64-014) (gcc version 7.4.0 (Ubuntu 7.4.0-1ubuntu1~18.04.1)) #58-Ubuntu SMP Mon Jun 24 10:55:24 UTC 2019
2019-07-01T23:39:36Z [5668] WARNING {memory} maximum number of memory mappings per process is 65530, which seems too low. it is recommended to set it to at least 512000
2019-07-01T23:39:36Z [5668] WARNING {memory} execute 'sudo sysctl -w "vm.max_map_count=512000"'
2019-07-01T23:39:36Z [5668] INFO {authentication} Jwt secret not specified, generating...
2019-07-01T23:39:36Z [5668] INFO using storage engine rocksdb
2019-07-01T23:39:36Z [5668] INFO {cluster} Starting up with role PRIMARY
2019-07-01T23:39:39Z [5668] INFO {syscall} file-descriptors (nofiles) hard limit is 65535, soft limit is 65535
2019-07-01T23:39:39Z [5668] INFO {authentication} Authentication is turned off, authentication for unix sockets is turned on
2019-07-01T23:39:40Z [5668] INFO {cluster} Cluster feature is turned on. Agency version: {"server":"arango","version":"3.4.6-1","license":"community"}, Agency endpoints: http+tcp://127.0.0.1:8551, http+tcp://127.0.0.1:8541, http+tcp://127.0.0.1:8531, server id: 'PRMR-b7cbc7c4-4da5-4d98-99e2-1e4b843a6cb7', internal endpoint / address: tcp://localhost:8550', advertised endpoint: , role: PRIMARY
2019-07-01T23:39:40Z [5668] INFO {cluster} using heartbeat interval value '1000 ms' from agency
2019-07-01T23:39:40Z [5668] INFO using endpoint 'http+tcp://[::]:8550' for non-encrypted requests
2019-07-01T23:39:40Z [5668] INFO ArangoDB (version 3.4.6-1 [linux]) is ready for business. Have fun!
2019-07-01T23:39:46Z [5668] INFO {maintenance} SynchronizeShard: synchronizing shard '_system/s9010042' for central '_system/9010041'
2019-07-01T23:39:46Z [5668] INFO {maintenance} SynchronizeShard: synchronizing shard '_system/s9010044' for central '_system/9010043'
2019-07-01T23:39:46Z [5668] INFO {replication} connected to master at tcp://localhost:8530, id 121944275151732, version 3.4, last log tick 22047594, last uncommitted log tick 22047594, engine rocksdb
2019-07-01T23:39:46Z [5668] INFO {maintenance} SynchronizeShard: synchronizing shard '_system/s9010044' for central '_system/9010043'
2019-07-01T23:39:46Z [5668] INFO {maintenance} SynchronizeShard: synchronizing shard '_system/s9010044' for central '_system/9010043'
2019-07-01T23:39:46Z [5668] INFO {maintenance} SynchronizeShard: synchronizing shard '_system/s9010044' for central '_system/9010043'
2019-07-01T23:39:47Z [5668] INFO {maintenance} SynchronizeShard: synchronizing shard '_system/s9010044' for central '_system/9010043'
2019-07-01T23:39:47Z [5668] INFO {maintenance} SynchronizeShard: synchronizing shard '_system/s9010044' for central '_system/9010043'
2019-07-01T23:39:47Z [5668] INFO {maintenance} SynchronizeShard: synchronizing shard '_system/s9010044' for central '_system/9010043'
2019-07-01T23:39:47Z [5668] INFO {replication} connected to master at tcp://localhost:8530, id 121944275151732, version 3.4, last log tick 22048787, last uncommitted log tick 22048787, engine rocksdb
2019-07-01T23:39:47Z [5668] INFO {replication} connected to master at tcp://localhost:8530, id 121944275151732, version 3.4, last log tick 22048790, last uncommitted log tick 22048790, engine rocksdb
2019-07-01T23:39:47Z [5668] INFO {replication} connected to master at tcp://localhost:8530, id 121944275151732, version 3.4, last log tick 22048790, last uncommitted log tick 22048790, engine rocksdb
2019-07-01T23:39:47Z [5668] INFO {maintenance} synchronizeOneShard: done, local shard: '_system/s9010042', for central: '_system/9010041', started: 2019-07-01T23:39:46Z, ended: 2019-07-01T23:39:47Z
2019-07-01T23:39:47Z [5668] INFO {maintenance} SynchronizeShard: synchronization completed for shard s9010042
2019-07-01T23:39:48Z [5668] INFO {replication} connected to master at tcp://localhost:8530, id 121944275151732, version 3.4, last log tick 22052249, last uncommitted log tick 22052249, engine rocksdb
2019-07-01T23:39:48Z [5668] INFO {replication} connected to master at tcp://localhost:8530, id 121944275151732, version 3.4, last log tick 22052249, last uncommitted log tick 22052249, engine rocksdb
2019-07-01T23:39:48Z [5668] INFO {maintenance} synchronizeOneShard: done, local shard: '_system/s9010044', for central: '_system/9010043', started: 2019-07-01T23:39:47Z, ended: 2019-07-01T23:39:48Z
2019-07-01T23:39:48Z [5668] INFO {maintenance} SynchronizeShard: synchronization completed for shard s9010044
