2019-07-01T02:07:49Z [15772] INFO hangup received, about to reopen logfile
2019-07-01T02:07:49Z [15772] INFO hangup received, reopened logfile
2019-07-01T02:07:49Z [15772] INFO hangup received, about to reopen logfile
2019-07-01T02:07:49Z [15772] INFO hangup received, reopened logfile
2019-07-01T02:07:49Z [15772] INFO hangup received, about to reopen logfile
2019-07-01T02:07:49Z [15772] INFO hangup received, reopened logfile
2019-07-01T23:39:37Z [5677] INFO ArangoDB 3.4.6-1 [linux] 64bit, using jemalloc, build tags/v3.4.6.1-0-gd3c504bfc9, VPack 0.1.33, RocksDB 5.16.0, ICU 58.1, V8 5.7.492.77, OpenSSL 1.1.0j  20 Nov 2018
2019-07-01T23:39:37Z [5677] INFO detected operating system: Linux version 4.15.0-54-generic (buildd@lgw01-amd64-014) (gcc version 7.4.0 (Ubuntu 7.4.0-1ubuntu1~18.04.1)) #58-Ubuntu SMP Mon Jun 24 10:55:24 UTC 2019
2019-07-01T23:39:37Z [5677] WARNING {memory} maximum number of memory mappings per process is 65530, which seems too low. it is recommended to set it to at least 512000
2019-07-01T23:39:37Z [5677] WARNING {memory} execute 'sudo sysctl -w "vm.max_map_count=512000"'
2019-07-01T23:39:37Z [5677] INFO {authentication} Jwt secret not specified, generating...
2019-07-01T23:39:37Z [5677] INFO using storage engine rocksdb
2019-07-01T23:39:37Z [5677] INFO {cluster} Starting up with role COORDINATOR
2019-07-01T23:39:39Z [5677] INFO {cluster} Waiting for DBservers to show up...
2019-07-01T23:39:39Z [5677] INFO {cluster} Found 3 DBservers.
2019-07-01T23:39:39Z [5677] INFO {syscall} file-descriptors (nofiles) hard limit is 65535, soft limit is 65535
2019-07-01T23:39:39Z [5677] INFO {authentication} Authentication is turned off, authentication for unix sockets is turned on
2019-07-01T23:39:39Z [5677] WARNING found existing lockfile '/home/isabelamatsumoto/Downloads/Trabalhos/PMD/pmd/cluster/localdata/coordinator8529/data/LOCK' of previous process with pid 15772, but that process seems to be dead already
2019-07-01T23:39:39Z [5677] INFO {cluster} Cluster feature is turned on. Agency version: {"server":"arango","version":"3.4.6-1","license":"community"}, Agency endpoints: http+tcp://127.0.0.1:8551, http+tcp://127.0.0.1:8531, http+tcp://127.0.0.1:8541, server id: 'CRDN-0a3e06b4-a94e-4b7e-b516-ab88ae72b456', internal endpoint / address: tcp://localhost:8529', advertised endpoint: , role: COORDINATOR
2019-07-01T23:39:39Z [5677] INFO {cluster} using heartbeat interval value '1000 ms' from agency
2019-07-01T23:39:40Z [5677] INFO using endpoint 'http+tcp://[::]:8529' for non-encrypted requests
2019-07-01T23:39:40Z [5677] ERROR {cluster} cannot create connection to server: 'PRMR-f1e96636-9976-44e7-bbeb-db44efcb4f99' at endpoint tcp://localhost:8530', timeout: 2.000000
2019-07-01T23:39:40Z [5677] ERROR {cluster} ClusterComm::performRequests: got BACKEND_UNAVAILABLE or TIMEOUT from shard:s5010007:/_db/_system/_api/collection/s5010007/count
2019-07-01T23:39:40Z [5677] ERROR {cluster} cannot create connection to server: 'PRMR-f1e96636-9976-44e7-bbeb-db44efcb4f99' at endpoint tcp://localhost:8530', timeout: 2.000000
2019-07-01T23:39:40Z [5677] ERROR {cluster} ClusterComm::performRequests: got BACKEND_UNAVAILABLE or TIMEOUT from shard:s5010007:/_db/_system/_api/collection/s5010007/count
2019-07-01T23:39:41Z [5677] ERROR {cluster} cannot create connection to server: 'PRMR-f1e96636-9976-44e7-bbeb-db44efcb4f99' at endpoint tcp://localhost:8530', timeout: 2.000000
2019-07-01T23:39:41Z [5677] ERROR {cluster} ClusterComm::performRequests: got BACKEND_UNAVAILABLE or TIMEOUT from shard:s5010007:/_db/_system/_api/collection/s5010007/count
2019-07-01T23:39:41Z [5677] ERROR {cluster} cannot create connection to server: 'PRMR-f1e96636-9976-44e7-bbeb-db44efcb4f99' at endpoint tcp://localhost:8530', timeout: 2.000000
2019-07-01T23:39:41Z [5677] ERROR {cluster} ClusterComm::performRequests: got BACKEND_UNAVAILABLE or TIMEOUT from shard:s5010007:/_db/_system/_api/collection/s5010007/count
2019-07-01T23:39:42Z [5677] ERROR {cluster} cannot create connection to server: 'PRMR-f1e96636-9976-44e7-bbeb-db44efcb4f99' at endpoint tcp://localhost:8530', timeout: 2.000000
2019-07-01T23:39:42Z [5677] ERROR {cluster} ClusterComm::performRequests: got BACKEND_UNAVAILABLE or TIMEOUT from shard:s5010007:/_db/_system/_api/collection/s5010007/count
2019-07-01T23:39:43Z [5677] ERROR {cluster} cannot create connection to server: 'PRMR-f1e96636-9976-44e7-bbeb-db44efcb4f99' at endpoint tcp://localhost:8530', timeout: 2.000000
2019-07-01T23:39:43Z [5677] ERROR {cluster} ClusterComm::performRequests: got BACKEND_UNAVAILABLE or TIMEOUT from shard:s5010007:/_db/_system/_api/collection/s5010007/count
2019-07-01T23:39:47Z [5677] INFO bootstrapped coordinator CRDN-0a3e06b4-a94e-4b7e-b516-ab88ae72b456
2019-07-01T23:39:47Z [5677] INFO ArangoDB (version 3.4.6-1 [linux]) is ready for business. Have fun!
2019-07-01T23:45:42Z [5677] WARNING cannot contact coordinator CRDN-f7c1261d-e144-440d-ae09-4714d0912414 on endpoint tcp://localhost:8539
2019-07-01T23:47:43Z [5677] WARNING cannot contact coordinator CRDN-fc425c6c-0078-4659-8966-413fcfe7f70b on endpoint tcp://localhost:8549
2019-07-02T00:28:01Z [5677] WARNING cannot contact coordinator CRDN-0a3e06b4-a94e-4b7e-b516-ab88ae72b456 on endpoint tcp://localhost:8529
2019-07-02T03:31:46Z [5677] WARNING cannot contact coordinator CRDN-0a3e06b4-a94e-4b7e-b516-ab88ae72b456 on endpoint tcp://localhost:8529
