2019-06-30T15:01:32-03:00 |INFO| Starting arangodb version 0.14.5, build 1e8c10c component=arangodb
2019-06-30T15:01:32-03:00 |INFO| Using storage engine 'rocksdb' component=arangodb
2019-06-30T15:01:32-03:00 |INFO| Serving as master with ID 'b3937743' on :8528... component=arangodb
2019-06-30T15:01:32-03:00 |INFO| Starting 1 local slaves... component=arangodb id=b3937743
2019-06-30T15:01:32-03:00 |INFO| ArangoDB Starter listening on 0.0.0.0:8528 (:8528) component=arangodb
2019-06-30T15:01:32-03:00 |INFO| Contacting master http://127.0.0.1:8528... component=arangodb id=9aecd3bd
2019-06-30T15:01:32-03:00 |INFO| Added new peer '9aecd3bd': localhost, portOffset: 10 component=arangodb id=b3937743
2019-06-30T15:01:32-03:00 |INFO| Waiting for 3 servers to show up... component=arangodb id=9aecd3bd
2019-06-30T15:01:32-03:00 |INFO| ArangoDB Starter listening on 0.0.0.0:8538 (:8538) component=arangodb id=9aecd3bd
2019-06-30T15:01:32-03:00 |INFO| Contacting master http://127.0.0.1:8528... component=arangodb id=163866dc
2019-06-30T15:01:32-03:00 |INFO| Added new peer '163866dc': localhost, portOffset: 20 component=arangodb id=b3937743
2019-06-30T15:01:32-03:00 |INFO| Waiting for 3 servers to show up... component=arangodb id=163866dc
2019-06-30T15:01:32-03:00 |INFO| Serving as slave with ID '163866dc' on :8528... component=arangodb id=163866dc
2019-06-30T15:01:32-03:00 |INFO| Using storage engine 'rocksdb' component=arangodb id=163866dc
2019-06-30T15:01:32-03:00 |INFO| ArangoDB Starter listening on 0.0.0.0:8548 (:8548) component=arangodb id=163866dc
2019-06-30T15:01:32-03:00 |INFO| Looking for a running instance of agent on port 8551 component=arangodb id=163866dc
2019-06-30T15:01:32-03:00 |INFO| Starting agent on port 8551 component=arangodb id=163866dc
2019-06-30T15:01:33-03:00 |INFO| agent up and running (version 3.4.6-1). component=arangodb id=163866dc
2019-06-30T15:01:33-03:00 |INFO| Starting service... component=arangodb id=b3937743
2019-06-30T15:01:33-03:00 |INFO| Looking for a running instance of agent on port 8531 component=arangodb id=b3937743
2019-06-30T15:01:33-03:00 |INFO| Starting agent on port 8531 component=arangodb id=b3937743
2019-06-30T15:01:33-03:00 |INFO| Serving as slave with ID '9aecd3bd' on :8528... component=arangodb id=9aecd3bd
2019-06-30T15:01:33-03:00 |INFO| Using storage engine 'rocksdb' component=arangodb id=9aecd3bd
2019-06-30T15:01:33-03:00 |INFO| Looking for a running instance of agent on port 8541 component=arangodb id=9aecd3bd
2019-06-30T15:01:33-03:00 |INFO| Starting agent on port 8541 component=arangodb id=9aecd3bd
2019-06-30T15:01:33-03:00 |INFO| Looking for a running instance of dbserver on port 8550 component=arangodb id=163866dc
2019-06-30T15:01:33-03:00 |INFO| Starting dbserver on port 8550 component=arangodb id=163866dc
2019-06-30T15:01:34-03:00 |INFO| agent up and running (version 3.4.6-1). component=arangodb id=b3937743
2019-06-30T15:01:34-03:00 |INFO| agent up and running (version 3.4.6-1). component=arangodb id=9aecd3bd
2019-06-30T15:01:34-03:00 |INFO| Looking for a running instance of dbserver on port 8530 component=arangodb id=b3937743
2019-06-30T15:01:34-03:00 |INFO| Starting dbserver on port 8530 component=arangodb id=b3937743
2019-06-30T15:01:34-03:00 |INFO| Looking for a running instance of dbserver on port 8540 component=arangodb id=9aecd3bd
2019-06-30T15:01:34-03:00 |INFO| Starting dbserver on port 8540 component=arangodb id=9aecd3bd
2019-06-30T15:01:34-03:00 |INFO| Looking for a running instance of coordinator on port 8549 component=arangodb id=163866dc
2019-06-30T15:01:35-03:00 |INFO| Looking for a running instance of coordinator on port 8529 component=arangodb id=b3937743
2019-06-30T15:01:35-03:00 |INFO| Starting coordinator on port 8529 component=arangodb id=b3937743
2019-06-30T15:01:35-03:00 |INFO| Looking for a running instance of coordinator on port 8539 component=arangodb id=9aecd3bd
2019-06-30T15:01:36-03:00 |INFO| Just became master component=arangodb id=b3937743
2019-06-30T15:01:36-03:00 |INFO| dbserver up and running (version 3.4.6-1). component=arangodb id=b3937743
2019-06-30T15:01:36-03:00 |INFO| dbserver up and running (version 3.4.6-1). component=arangodb id=9aecd3bd
2019-06-30T15:01:36-03:00 |INFO| dbserver up and running (version 3.4.6-1). component=arangodb id=163866dc
2019-06-30T15:01:37-03:00 |ERRO| Error while starting coordinator component=arangodb error="Cannot start coordinator, because port 8549 is already in use" id=163866dc
2019-06-30T15:01:38-03:00 |ERRO| Error while starting coordinator component=arangodb error="Cannot start coordinator, because port 8539 is already in use" id=9aecd3bd
2019-06-30T15:01:38-03:00 |INFO| restarting coordinator component=arangodb id=163866dc
2019-06-30T15:01:38-03:00 |INFO| Looking for a running instance of coordinator on port 8549 component=arangodb id=163866dc
2019-06-30T15:01:39-03:00 |INFO| coordinator up and running (version 3.4.6-1). component=arangodb id=b3937743
2019-06-30T15:01:39-03:00 |INFO| Your cluster can now be accessed with a browser at `http://localhost:8529` or component=arangodb id=b3937743
2019-06-30T15:01:39-03:00 |INFO| using `arangosh --server.endpoint tcp://localhost:8529`. component=arangodb id=b3937743
2019-06-30T15:01:39-03:00 |INFO| restarting coordinator component=arangodb id=9aecd3bd
2019-06-30T15:01:39-03:00 |INFO| Looking for a running instance of coordinator on port 8539 component=arangodb id=9aecd3bd
2019-06-30T15:01:40-03:00 |INFO| Starting coordinator on port 8549 component=arangodb id=163866dc
2019-06-30T15:01:40-03:00 |INFO| Starting coordinator on port 8539 component=arangodb id=9aecd3bd
2019-06-30T15:01:41-03:00 |INFO| coordinator up and running (version 3.4.6-1). component=arangodb id=163866dc
2019-06-30T15:01:42-03:00 |INFO| coordinator up and running (version 3.4.6-1). component=arangodb id=9aecd3bd
2019-06-30T15:01:43-03:00 |INFO| Shutting down services... component=arangodb id=163866dc
2019-06-30T15:01:43-03:00 |INFO| Shutting down services... component=arangodb id=9aecd3bd
2019-06-30T15:01:43-03:00 |INFO| Shutting down services... component=arangodb id=b3937743
2019-06-30T15:01:43-03:00 |INFO| coordinator has terminated component=arangodb id=b3937743
2019-06-30T15:01:43-03:00 |INFO| Wait on 14967 returned component=arangodb exit-status=1 trap-cause=-1
2019-06-30T15:01:43-03:00 |INFO| Wait on 15186 returned component=arangodb exit-status=1 id=163866dc trap-cause=-1
2019-06-30T15:01:43-03:00 |INFO| coordinator has terminated component=arangodb id=163866dc
2019-06-30T15:01:43-03:00 |INFO| coordinator has terminated component=arangodb id=9aecd3bd
2019-06-30T15:01:43-03:00 |INFO| Wait on 15188 returned component=arangodb exit-status=1 id=9aecd3bd trap-cause=-1
2019-06-30T15:01:43-03:00 |INFO| dbserver has terminated component=arangodb id=b3937743
2019-06-30T15:01:43-03:00 |INFO| Wait on 14957 returned component=arangodb exit-status=1 trap-cause=-1
2019-06-30T15:01:43-03:00 |INFO| dbserver has terminated component=arangodb id=163866dc
2019-06-30T15:01:43-03:00 |INFO| Wait on 14848 returned component=arangodb exit-status=1 id=163866dc trap-cause=-1
2019-06-30T15:01:43-03:00 |INFO| dbserver has terminated component=arangodb id=9aecd3bd
2019-06-30T15:01:43-03:00 |INFO| Wait on 14959 returned component=arangodb exit-status=1 id=9aecd3bd trap-cause=-1
2019-06-30T15:01:57-03:00 |INFO| Starting arangodb version 0.14.5, build 1e8c10c component=arangodb
2019-06-30T15:01:57-03:00 |INFO| Relaunching service with id 'b3937743' on :8528... component=arangodb
2019-06-30T15:01:57-03:00 |INFO| Using storage engine 'rocksdb' component=arangodb
2019-06-30T15:01:57-03:00 |INFO| Starting 2 local slaves... component=arangodb id=b3937743
2019-06-30T15:01:57-03:00 |INFO| ArangoDB Starter listening on 0.0.0.0:8528 (:8528) component=arangodb
2019-06-30T15:01:57-03:00 |INFO| Looking for a running instance of agent on port 8531 component=arangodb id=b3937743
2019-06-30T15:01:57-03:00 |INFO| Starting agent on port 8531 component=arangodb id=b3937743
2019-06-30T15:01:57-03:00 |INFO| Relaunching service with id '163866dc' on :8528... component=arangodb id=163866dc
2019-06-30T15:01:57-03:00 |INFO| Using storage engine 'rocksdb' component=arangodb id=163866dc
2019-06-30T15:01:57-03:00 |INFO| ArangoDB Starter listening on 0.0.0.0:8548 (:8548) component=arangodb id=163866dc
2019-06-30T15:01:57-03:00 |INFO| Looking for a running instance of agent on port 8551 component=arangodb id=163866dc
2019-06-30T15:01:57-03:00 |INFO| Starting agent on port 8551 component=arangodb id=163866dc
2019-06-30T15:01:57-03:00 |INFO| Relaunching service with id '9aecd3bd' on :8528... component=arangodb id=9aecd3bd
2019-06-30T15:01:57-03:00 |INFO| Using storage engine 'rocksdb' component=arangodb id=9aecd3bd
2019-06-30T15:01:57-03:00 |INFO| ArangoDB Starter listening on 0.0.0.0:8538 (:8538) component=arangodb id=9aecd3bd
2019-06-30T15:01:57-03:00 |INFO| Looking for a running instance of agent on port 8541 component=arangodb id=9aecd3bd
2019-06-30T15:01:57-03:00 |INFO| Starting agent on port 8541 component=arangodb id=9aecd3bd
2019-06-30T15:01:57-03:00 |INFO| agent up and running (version 3.4.6-1). component=arangodb id=b3937743
2019-06-30T15:01:58-03:00 |INFO| agent up and running (version 3.4.6-1). component=arangodb id=163866dc
2019-06-30T15:01:58-03:00 |INFO| agent up and running (version 3.4.6-1). component=arangodb id=9aecd3bd
2019-06-30T15:01:58-03:00 |INFO| Looking for a running instance of dbserver on port 8530 component=arangodb id=b3937743
2019-06-30T15:01:58-03:00 |INFO| Starting dbserver on port 8530 component=arangodb id=b3937743
2019-06-30T15:01:58-03:00 |INFO| Looking for a running instance of dbserver on port 8550 component=arangodb id=163866dc
2019-06-30T15:01:58-03:00 |INFO| Starting dbserver on port 8550 component=arangodb id=163866dc
2019-06-30T15:01:58-03:00 |INFO| Looking for a running instance of dbserver on port 8540 component=arangodb id=9aecd3bd
2019-06-30T15:01:58-03:00 |INFO| Starting dbserver on port 8540 component=arangodb id=9aecd3bd
2019-06-30T15:01:59-03:00 |INFO| Looking for a running instance of coordinator on port 8529 component=arangodb id=b3937743
2019-06-30T15:01:59-03:00 |INFO| Starting coordinator on port 8529 component=arangodb id=b3937743
2019-06-30T15:01:59-03:00 |INFO| Looking for a running instance of coordinator on port 8549 component=arangodb id=163866dc
2019-06-30T15:01:59-03:00 |INFO| Starting coordinator on port 8549 component=arangodb id=163866dc
2019-06-30T15:01:59-03:00 |INFO| Looking for a running instance of coordinator on port 8539 component=arangodb id=9aecd3bd
2019-06-30T15:01:59-03:00 |INFO| Starting coordinator on port 8539 component=arangodb id=9aecd3bd
2019-06-30T15:02:01-03:00 |INFO| coordinator up and running (version 3.4.6-1). component=arangodb id=b3937743
2019-06-30T15:02:01-03:00 |INFO| Your cluster can now be accessed with a browser at `http://localhost:8529` or component=arangodb id=b3937743
2019-06-30T15:02:01-03:00 |INFO| using `arangosh --server.endpoint tcp://localhost:8529`. component=arangodb id=b3937743
2019-06-30T15:02:01-03:00 |INFO| dbserver up and running (version 3.4.6-1). component=arangodb id=b3937743
2019-06-30T15:02:02-03:00 |INFO| coordinator up and running (version 3.4.6-1). component=arangodb id=163866dc
2019-06-30T15:02:02-03:00 |INFO| dbserver up and running (version 3.4.6-1). component=arangodb id=163866dc
2019-06-30T15:02:02-03:00 |INFO| coordinator up and running (version 3.4.6-1). component=arangodb id=9aecd3bd
2019-06-30T15:02:02-03:00 |INFO| dbserver up and running (version 3.4.6-1). component=arangodb id=9aecd3bd
2019-06-30T23:07:49-03:00 |INFO| Rotating log files... component=arangodb id=b3937743
2019-06-30T23:07:49-03:00 |INFO| Rotating log files... component=arangodb id=b3937743
2019-07-01T20:39:11-03:00 |INFO| Starting arangodb version 0.14.5, build 1e8c10c component=arangodb
2019-07-01T20:39:11-03:00 |INFO| Relaunching service with id 'b3937743' on :8528... component=arangodb
2019-07-01T20:39:11-03:00 |INFO| Using storage engine 'rocksdb' component=arangodb
2019-07-01T20:39:11-03:00 |INFO| ArangoDB Starter listening on 0.0.0.0:8528 (:8528) component=arangodb
2019-07-01T20:39:11-03:00 |INFO| Starting 2 local slaves... component=arangodb id=b3937743
2019-07-01T20:39:11-03:00 |INFO| Looking for a running instance of agent on port 8531 component=arangodb id=b3937743
2019-07-01T20:39:11-03:00 |INFO| Starting agent on port 8531 component=arangodb id=b3937743
2019-07-01T20:39:11-03:00 |INFO| Relaunching service with id '163866dc' on :8528... component=arangodb id=163866dc
2019-07-01T20:39:11-03:00 |INFO| Relaunching service with id '9aecd3bd' on :8528... component=arangodb id=9aecd3bd
2019-07-01T20:39:11-03:00 |INFO| Using storage engine 'rocksdb' component=arangodb id=163866dc
2019-07-01T20:39:11-03:00 |INFO| Using storage engine 'rocksdb' component=arangodb id=9aecd3bd
2019-07-01T20:39:11-03:00 |INFO| ArangoDB Starter listening on 0.0.0.0:8538 (:8538) component=arangodb id=9aecd3bd
2019-07-01T20:39:11-03:00 |INFO| ArangoDB Starter listening on 0.0.0.0:8548 (:8548) component=arangodb id=163866dc
2019-07-01T20:39:11-03:00 |INFO| Looking for a running instance of agent on port 8551 component=arangodb id=163866dc
2019-07-01T20:39:11-03:00 |INFO| Looking for a running instance of agent on port 8541 component=arangodb id=9aecd3bd
2019-07-01T20:39:11-03:00 |INFO| Starting agent on port 8551 component=arangodb id=163866dc
2019-07-01T20:39:11-03:00 |INFO| Starting agent on port 8541 component=arangodb id=9aecd3bd
2019-07-01T20:39:12-03:00 |INFO| Looking for a running instance of dbserver on port 8530 component=arangodb id=b3937743
2019-07-01T20:39:12-03:00 |INFO| Starting dbserver on port 8530 component=arangodb id=b3937743
2019-07-01T20:39:12-03:00 |INFO| agent up and running (version 3.4.6-1). component=arangodb id=b3937743
2019-07-01T20:39:12-03:00 |INFO| Looking for a running instance of dbserver on port 8550 component=arangodb id=163866dc
2019-07-01T20:39:12-03:00 |INFO| Looking for a running instance of dbserver on port 8540 component=arangodb id=9aecd3bd
2019-07-01T20:39:12-03:00 |INFO| Starting dbserver on port 8550 component=arangodb id=163866dc
2019-07-01T20:39:12-03:00 |INFO| Starting dbserver on port 8540 component=arangodb id=9aecd3bd
2019-07-01T20:39:12-03:00 |INFO| agent up and running (version 3.4.6-1). component=arangodb id=163866dc
2019-07-01T20:39:12-03:00 |INFO| agent up and running (version 3.4.6-1). component=arangodb id=9aecd3bd
2019-07-01T20:39:13-03:00 |INFO| Looking for a running instance of coordinator on port 8529 component=arangodb id=b3937743
2019-07-01T20:39:13-03:00 |INFO| Looking for a running instance of coordinator on port 8539 component=arangodb id=9aecd3bd
2019-07-01T20:39:13-03:00 |INFO| Looking for a running instance of coordinator on port 8549 component=arangodb id=163866dc
2019-07-01T20:39:13-03:00 |INFO| Starting coordinator on port 8539 component=arangodb id=9aecd3bd
2019-07-01T20:39:13-03:00 |INFO| Starting coordinator on port 8549 component=arangodb id=163866dc
2019-07-01T20:39:16-03:00 |ERRO| Error while starting coordinator component=arangodb error="Cannot start coordinator, because port 8529 is already in use" id=b3937743
2019-07-01T20:39:17-03:00 |INFO| restarting coordinator component=arangodb id=b3937743
2019-07-01T20:39:17-03:00 |INFO| Looking for a running instance of coordinator on port 8529 component=arangodb id=b3937743
2019-07-01T20:39:17-03:00 |INFO| dbserver up and running (version 3.4.6-1). component=arangodb id=9aecd3bd
2019-07-01T20:39:17-03:00 |INFO| Shutting down services... component=arangodb id=9aecd3bd
2019-07-01T20:39:17-03:00 |INFO| Shutting down services... component=arangodb id=163866dc
2019-07-01T20:39:17-03:00 |INFO| Shutting down services... component=arangodb id=b3937743
2019-07-01T20:39:35-03:00 |INFO| Starting arangodb version 0.14.5, build 1e8c10c component=arangodb
2019-07-01T20:39:35-03:00 |INFO| Relaunching service with id 'b3937743' on :8528... component=arangodb
2019-07-01T20:39:35-03:00 |INFO| Using storage engine 'rocksdb' component=arangodb
2019-07-01T20:39:35-03:00 |INFO| Starting 2 local slaves... component=arangodb id=b3937743
2019-07-01T20:39:35-03:00 |INFO| ArangoDB Starter listening on 0.0.0.0:8528 (:8528) component=arangodb
2019-07-01T20:39:35-03:00 |INFO| Looking for a running instance of agent on port 8531 component=arangodb id=b3937743
2019-07-01T20:39:35-03:00 |INFO| Starting agent on port 8531 component=arangodb id=b3937743
2019-07-01T20:39:35-03:00 |INFO| Relaunching service with id '9aecd3bd' on :8528... component=arangodb id=9aecd3bd
2019-07-01T20:39:35-03:00 |INFO| Relaunching service with id '163866dc' on :8528... component=arangodb id=163866dc
2019-07-01T20:39:35-03:00 |INFO| Using storage engine 'rocksdb' component=arangodb id=9aecd3bd
2019-07-01T20:39:35-03:00 |INFO| Using storage engine 'rocksdb' component=arangodb id=163866dc
2019-07-01T20:39:35-03:00 |INFO| ArangoDB Starter listening on 0.0.0.0:8538 (:8538) component=arangodb id=9aecd3bd
2019-07-01T20:39:35-03:00 |INFO| Looking for a running instance of agent on port 8551 component=arangodb id=163866dc
2019-07-01T20:39:35-03:00 |INFO| ArangoDB Starter listening on 0.0.0.0:8548 (:8548) component=arangodb id=163866dc
2019-07-01T20:39:35-03:00 |INFO| Starting agent on port 8551 component=arangodb id=163866dc
2019-07-01T20:39:35-03:00 |INFO| Looking for a running instance of agent on port 8541 component=arangodb id=9aecd3bd
2019-07-01T20:39:35-03:00 |INFO| Starting agent on port 8541 component=arangodb id=9aecd3bd
2019-07-01T20:39:35-03:00 |INFO| agent up and running (version 3.4.6-1). component=arangodb id=b3937743
2019-07-01T20:39:35-03:00 |INFO| agent up and running (version 3.4.6-1). component=arangodb id=9aecd3bd
2019-07-01T20:39:35-03:00 |INFO| agent up and running (version 3.4.6-1). component=arangodb id=163866dc
2019-07-01T20:39:36-03:00 |INFO| Looking for a running instance of dbserver on port 8530 component=arangodb id=b3937743
2019-07-01T20:39:36-03:00 |INFO| dbserver seems to be running already, checking port 8530... component=arangodb id=b3937743
2019-07-01T20:39:36-03:00 |INFO| Looking for a running instance of dbserver on port 8540 component=arangodb id=9aecd3bd
2019-07-01T20:39:36-03:00 |INFO| Looking for a running instance of dbserver on port 8550 component=arangodb id=163866dc
2019-07-01T20:39:36-03:00 |INFO| Starting dbserver on port 8540 component=arangodb id=9aecd3bd
2019-07-01T20:39:36-03:00 |INFO| Starting dbserver on port 8550 component=arangodb id=163866dc
2019-07-01T20:39:37-03:00 |INFO| Looking for a running instance of coordinator on port 8529 component=arangodb id=b3937743
2019-07-01T20:39:37-03:00 |INFO| Starting coordinator on port 8529 component=arangodb id=b3937743
2019-07-01T20:39:37-03:00 |INFO| Looking for a running instance of coordinator on port 8539 component=arangodb id=9aecd3bd
2019-07-01T20:39:37-03:00 |INFO| Looking for a running instance of coordinator on port 8549 component=arangodb id=163866dc
2019-07-01T20:39:37-03:00 |INFO| coordinator seems to be running already, checking port 8539... component=arangodb id=9aecd3bd
2019-07-01T20:39:37-03:00 |INFO| coordinator seems to be running already, checking port 8549... component=arangodb id=163866dc
2019-07-01T20:39:40-03:00 |INFO| dbserver up and running (version 3.4.6-1). component=arangodb id=9aecd3bd
2019-07-01T20:39:40-03:00 |INFO| dbserver up and running (version 3.4.6-1). component=arangodb id=163866dc
2019-07-01T20:39:46-03:00 |INFO| dbserver is not up on port 8530. Terminating existing process and restarting it... component=arangodb id=b3937743
2019-07-01T20:39:46-03:00 |INFO| Starting dbserver on port 8530 component=arangodb id=b3937743
2019-07-01T20:39:46-03:00 |INFO| dbserver up and running (version 3.4.6-1). component=arangodb id=b3937743
2019-07-01T20:39:47-03:00 |INFO| coordinator is not up on port 8549. Terminating existing process and restarting it... component=arangodb id=163866dc
2019-07-01T20:39:47-03:00 |INFO| coordinator is not up on port 8539. Terminating existing process and restarting it... component=arangodb id=9aecd3bd
2019-07-01T20:39:47-03:00 |INFO| coordinator up and running (version 3.4.6-1). component=arangodb id=b3937743
2019-07-01T20:39:47-03:00 |INFO| Your cluster can now be accessed with a browser at `http://localhost:8529` or component=arangodb id=b3937743
2019-07-01T20:39:47-03:00 |INFO| using `arangosh --server.endpoint tcp://localhost:8529`. component=arangodb id=b3937743
2019-07-01T20:39:50-03:00 |INFO| Starting coordinator on port 8539 component=arangodb id=9aecd3bd
2019-07-01T20:39:50-03:00 |INFO| Starting coordinator on port 8549 component=arangodb id=163866dc
2019-07-01T20:39:50-03:00 |INFO| coordinator up and running (version 3.4.6-1). component=arangodb id=163866dc
2019-07-01T20:39:51-03:00 |INFO| coordinator up and running (version 3.4.6-1). component=arangodb id=9aecd3bd
